Using pre-set license
Built from '2020.3/staging' branch; Version is '2020.3.3f1 (76626098c1c4) revision 7758432'; Using compiler version '192528614'; Build Type 'Release'
OS: 'Windows 10 Pro; OS build 19042.1110; Version 2009; 64bit' Language: 'ru' Physical Memory: 16314 MB
BatchMode: 1, IsHumanControllingUs: 0, StartBugReporterOnCrash: 0, Is64bit: 1, IsPro: 0

 COMMAND LINE ARGUMENTS:
C:\Program Files\Unity\Hub\Editor\2020.3.3f1\Editor\Unity.exe
-adb2
-batchMode
-noUpm
-name
AssetImportWorker0
-projectPath
C:/Users/пользователь/Desktop/AsteroidsProject
-logFile
Logs/AssetImportWorker0.log
-srvPort
59535
Successfully changed project path to: C:/Users/пользователь/Desktop/AsteroidsProject
C:/Users/пользователь/Desktop/AsteroidsProject
Using Asset Import Pipeline V2.
Refreshing native plugins compatible for Editor in 22.79 ms, found 0 plugins.
Preloading 0 native plugins for Editor in 0.00 ms.
Initialize engine version: 2020.3.3f1 (76626098c1c4)
[Subsystems] Discovering subsystems at path C:/Program Files/Unity/Hub/Editor/2020.3.3f1/Editor/Data/Resources/UnitySubsystems
[Subsystems] Discovering subsystems at path C:/Users/пользователь/Desktop/AsteroidsProject/Assets
GfxDevice: creating device client; threaded=0
Direct3D:
    Version:  Direct3D 11.0 [level 11.1]
    Renderer: NVIDIA GeForce GTX 1650 (ID=0x1f0a)
    Vendor:   
    VRAM:     3961 MB
    Driver:   30.0.14.7111
Initialize mono
Mono path[0] = 'C:/Program Files/Unity/Hub/Editor/2020.3.3f1/Editor/Data/Managed'
Mono path[1] = 'C:/Program Files/Unity/Hub/Editor/2020.3.3f1/Editor/Data/MonoBleedingEdge/lib/mono/unityjit'
Mono config path = 'C:/Program Files/Unity/Hub/Editor/2020.3.3f1/Editor/Data/MonoBleedingEdge/etc'
Using monoOptions --debugger-agent=transport=dt_socket,embedding=1,server=y,suspend=n,address=127.0.0.1:56736
Begin MonoManager ReloadAssembly
Registering precompiled unity dll's ...
Register platform support module: C:/Program Files/Unity/Hub/Editor/2020.3.3f1/Editor/Data/PlaybackEngines/WindowsStandaloneSupport/UnityEditor.WindowsStandalone.Extensions.dll
Registered in 0.001521 seconds.
Native extension for WindowsStandalone target not found
Refreshing native plugins compatible for Editor in 22.95 ms, found 0 plugins.
Preloading 0 native plugins for Editor in 0.00 ms.
Invoked RoslynAnalysisRunner static constructor.
RoslynAnalysisRunner will not be running.
RoslynAnalysisRunner has terminated.
Mono: successfully reloaded assembly
- Completed reload, in  0.859 seconds
Platform modules already initialized, skipping
Registering precompiled user dll's ...
Registered in 0.000520 seconds.
Begin MonoManager ReloadAssembly
Native extension for WindowsStandalone target not found
Refreshing native plugins compatible for Editor in 0.20 ms, found 0 plugins.
Preloading 0 native plugins for Editor in 0.00 ms.
Invoked RoslynAnalysisRunner static constructor.
RoslynAnalysisRunner will not be running.
RoslynAnalysisRunner has terminated.
Mono: successfully reloaded assembly
- Completed reload, in  0.759 seconds
Platform modules already initialized, skipping
========================================================================
Worker process is ready to serve import requests
Launched and connected shader compiler UnityShaderCompiler.exe after 0.04 seconds
Refreshing native plugins compatible for Editor in 0.20 ms, found 0 plugins.
Preloading 0 native plugins for Editor in 0.00 ms.
Unloading 1142 Unused Serialized files (Serialized files now loaded: 0)
System memory in use before: 59.7 MB.
System memory in use after: 59.7 MB.

Unloading 10 unused Assets to reduce memory usage. Loaded Objects now: 1592.
Total: 1.567600 ms (FindLiveObjects: 0.113100 ms CreateObjectMapping: 0.030200 ms MarkObjects: 1.358500 ms  DeleteObjects: 0.065200 ms)

========================================================================
Received Import Request.
  path: Assets/_Scripts/Asteroids.Abstract_Factory
  artifactKey: Guid(275020bb9c12e20418309d5df6fe0aec) Importer(815301076,1909f56bfc062723c751e8b465ee728b)
Start importing Assets/_Scripts/Asteroids.Abstract_Factory using Guid(275020bb9c12e20418309d5df6fe0aec) Importer(815301076,1909f56bfc062723c751e8b465ee728b)  -> (artifact id: 'c3cf04906dea8e2777c78ec40550f7dd') in 0.008574 seconds
  Import took 0.010279 seconds .

========================================================================
Received Import Request.
  Time since last request: 0.951115 seconds.
  path: Assets/_Scripts/Asteroids
  artifactKey: Guid(6352fa48835fdab408dc8777ca3e3854) Importer(815301076,1909f56bfc062723c751e8b465ee728b)
Start importing Assets/_Scripts/Asteroids using Guid(6352fa48835fdab408dc8777ca3e3854) Importer(815301076,1909f56bfc062723c751e8b465ee728b)  -> (artifact id: '9de9383ba733271ab1b72dbc3d109754') in 0.006673 seconds
  Import took 0.008722 seconds .

========================================================================
Received Import Request.
  Time since last request: 11.405427 seconds.
  path: Assets/_Scripts/Asteroids/Player.cs
  artifactKey: Guid(a00cac9ed16e2d14f91048be84a74ee7) Importer(815301076,1909f56bfc062723c751e8b465ee728b)
Start importing Assets/_Scripts/Asteroids/Player.cs using Guid(a00cac9ed16e2d14f91048be84a74ee7) Importer(815301076,1909f56bfc062723c751e8b465ee728b)  -> (artifact id: '178e39104b8638b2845f2c91215167e5') in 0.020174 seconds
  Import took 0.021851 seconds .

========================================================================
Received Import Request.
  Time since last request: 0.009877 seconds.
  path: Assets/_Scripts/Asteroids/Player.cs
  artifactKey: Guid(a00cac9ed16e2d14f91048be84a74ee7) Importer(815301076,1909f56bfc062723c751e8b465ee728b)
Start importing Assets/_Scripts/Asteroids/Player.cs using Guid(a00cac9ed16e2d14f91048be84a74ee7) Importer(815301076,1909f56bfc062723c751e8b465ee728b)  -> (artifact id: '178e39104b8638b2845f2c91215167e5') in 0.002516 seconds
  Import took 0.004220 seconds .

========================================================================
Received Import Request.
  Time since last request: 256.237246 seconds.
  path: Assets/_Scripts/Asteroids.Object_Pool
  artifactKey: Guid(9c7b844e662cbe545a32129b86932266) Importer(815301076,1909f56bfc062723c751e8b465ee728b)
Start importing Assets/_Scripts/Asteroids.Object_Pool using Guid(9c7b844e662cbe545a32129b86932266) Importer(815301076,1909f56bfc062723c751e8b465ee728b)  -> (artifact id: '05998754aa0311447dcd883a70061454') in 0.016793 seconds
  Import took 0.018809 seconds .

========================================================================
Received Import Request.
  Time since last request: 6.993127 seconds.
  path: Assets/_Scripts/Asteroids.Abstract_Factory/Input
  artifactKey: Guid(87d95c41724d5094a9b2d80ffb41716c) Importer(815301076,1909f56bfc062723c751e8b465ee728b)
Start importing Assets/_Scripts/Asteroids.Abstract_Factory/Input using Guid(87d95c41724d5094a9b2d80ffb41716c) Importer(815301076,1909f56bfc062723c751e8b465ee728b)  -> (artifact id: '827edd12b952528f8c81016b7490e36c') in 0.009476 seconds
  Import took 0.011584 seconds .

========================================================================
Received Import Request.
  Time since last request: 31.928330 seconds.
  path: Assets/_Scripts/Asteroids.Abstract_Factory/Input/ConsoleInput.cs
  artifactKey: Guid(78a2d5bd8447c9549bc3ea018ad809d5) Importer(815301076,1909f56bfc062723c751e8b465ee728b)
Start importing Assets/_Scripts/Asteroids.Abstract_Factory/Input/ConsoleInput.cs using Guid(78a2d5bd8447c9549bc3ea018ad809d5) Importer(815301076,1909f56bfc062723c751e8b465ee728b)  -> (artifact id: '7d077948b7114dc00402da6ebafe5879') in 0.008519 seconds
  Import took 0.010643 seconds .

AssetImportWorkerClient::OnTransportError - code=2 error=End of file
