Using pre-set license
Built from '2020.3/staging' branch; Version is '2020.3.3f1 (76626098c1c4) revision 7758432'; Using compiler version '192528614'; Build Type 'Release'
OS: 'Windows 10 Pro; OS build 19042.1110; Version 2009; 64bit' Language: 'ru' Physical Memory: 16314 MB
BatchMode: 1, IsHumanControllingUs: 0, StartBugReporterOnCrash: 0, Is64bit: 1, IsPro: 0

 COMMAND LINE ARGUMENTS:
C:\Program Files\Unity\Hub\Editor\2020.3.3f1\Editor\Unity.exe
-adb2
-batchMode
-noUpm
-name
AssetImportWorker0
-projectPath
C:/Users/пользователь/Unity/Asteroids
-logFile
Logs/AssetImportWorker0.log
-srvPort
58167
Successfully changed project path to: C:/Users/пользователь/Unity/Asteroids
C:/Users/пользователь/Unity/Asteroids
Using Asset Import Pipeline V2.
Refreshing native plugins compatible for Editor in 21.78 ms, found 0 plugins.
Preloading 0 native plugins for Editor in 0.00 ms.
Initialize engine version: 2020.3.3f1 (76626098c1c4)
[Subsystems] Discovering subsystems at path C:/Program Files/Unity/Hub/Editor/2020.3.3f1/Editor/Data/Resources/UnitySubsystems
[Subsystems] Discovering subsystems at path C:/Users/пользователь/Unity/Asteroids/Assets
GfxDevice: creating device client; threaded=0
Direct3D:
    Version:  Direct3D 11.0 [level 11.1]
    Renderer: NVIDIA GeForce GTX 1650 (ID=0x1f0a)
    Vendor:   
    VRAM:     3961 MB
    Driver:   30.0.14.7111
Initialize mono
Mono path[0] = 'C:/Program Files/Unity/Hub/Editor/2020.3.3f1/Editor/Data/Managed'
Mono path[1] = 'C:/Program Files/Unity/Hub/Editor/2020.3.3f1/Editor/Data/MonoBleedingEdge/lib/mono/unityjit'
Mono config path = 'C:/Program Files/Unity/Hub/Editor/2020.3.3f1/Editor/Data/MonoBleedingEdge/etc'
Using monoOptions --debugger-agent=transport=dt_socket,embedding=1,server=y,suspend=n,address=127.0.0.1:56908
Begin MonoManager ReloadAssembly
Registering precompiled unity dll's ...
Register platform support module: C:/Program Files/Unity/Hub/Editor/2020.3.3f1/Editor/Data/PlaybackEngines/WindowsStandaloneSupport/UnityEditor.WindowsStandalone.Extensions.dll
Registered in 0.001490 seconds.
Native extension for WindowsStandalone target not found
Refreshing native plugins compatible for Editor in 22.42 ms, found 0 plugins.
Preloading 0 native plugins for Editor in 0.00 ms.
Invoked RoslynAnalysisRunner static constructor.
RoslynAnalysisRunner will not be running.
RoslynAnalysisRunner has terminated.
Mono: successfully reloaded assembly
- Completed reload, in  0.893 seconds
Platform modules already initialized, skipping
Registering precompiled user dll's ...
Registered in 0.000561 seconds.
Begin MonoManager ReloadAssembly
Native extension for WindowsStandalone target not found
Refreshing native plugins compatible for Editor in 0.21 ms, found 0 plugins.
Preloading 0 native plugins for Editor in 0.00 ms.
Invoked RoslynAnalysisRunner static constructor.
RoslynAnalysisRunner will not be running.
RoslynAnalysisRunner has terminated.
Mono: successfully reloaded assembly
- Completed reload, in  0.746 seconds
Platform modules already initialized, skipping
========================================================================
Worker process is ready to serve import requests
Launched and connected shader compiler UnityShaderCompiler.exe after 0.04 seconds
Refreshing native plugins compatible for Editor in 0.21 ms, found 0 plugins.
Preloading 0 native plugins for Editor in 0.00 ms.
Unloading 1122 Unused Serialized files (Serialized files now loaded: 0)
System memory in use before: 58.3 MB.
System memory in use after: 58.3 MB.

Unloading 10 unused Assets to reduce memory usage. Loaded Objects now: 1570.
Total: 1.822000 ms (FindLiveObjects: 0.144100 ms CreateObjectMapping: 0.085700 ms MarkObjects: 1.508400 ms  DeleteObjects: 0.082600 ms)

========================================================================
Received Import Request.
  path: Assets/_Scripts/Player.cs
  artifactKey: Guid(a00cac9ed16e2d14f91048be84a74ee7) Importer(815301076,1909f56bfc062723c751e8b465ee728b)
Start importing Assets/_Scripts/Player.cs using Guid(a00cac9ed16e2d14f91048be84a74ee7) Importer(815301076,1909f56bfc062723c751e8b465ee728b)  -> (artifact id: 'e790bef0ce8306744feb73ddfde83bda') in 0.035236 seconds
  Import took 0.037783 seconds .

========================================================================
Received Prepare
Refreshing native plugins compatible for Editor in 0.66 ms, found 0 plugins.
Preloading 0 native plugins for Editor in 0.00 ms.
Unloading 3 Unused Serialized files (Serialized files now loaded: 0)
System memory in use before: 35.9 MB.
System memory in use after: 36.0 MB.

Unloading 3 unused Assets to reduce memory usage. Loaded Objects now: 1570.
Total: 1.993000 ms (FindLiveObjects: 0.148300 ms CreateObjectMapping: 0.040000 ms MarkObjects: 1.751700 ms  DeleteObjects: 0.051600 ms)

========================================================================
Received Import Request.
  Time since last request: 125.146979 seconds.
  path: Assets/_Scripts/Ship.cs
  artifactKey: Guid(272ea57ef036bbc4ca6a455a23495783) Importer(815301076,1909f56bfc062723c751e8b465ee728b)
Start importing Assets/_Scripts/Ship.cs using Guid(272ea57ef036bbc4ca6a455a23495783) Importer(815301076,1909f56bfc062723c751e8b465ee728b)  -> (artifact id: 'a9eb5830b18d2a7e3ce45fb03d02a76c') in 0.006892 seconds
  Import took 0.009028 seconds .

========================================================================
Received Prepare
Registering precompiled user dll's ...
Registered in 0.000505 seconds.
Begin MonoManager ReloadAssembly
Native extension for WindowsStandalone target not found
Refreshing native plugins compatible for Editor in 0.20 ms, found 0 plugins.
Preloading 0 native plugins for Editor in 0.00 ms.
Invoked RoslynAnalysisRunner static constructor.
RoslynAnalysisRunner will not be running.
RoslynAnalysisRunner has terminated.
Mono: successfully reloaded assembly
- Completed reload, in  0.716 seconds
Platform modules already initialized, skipping
Refreshing native plugins compatible for Editor in 0.21 ms, found 0 plugins.
Preloading 0 native plugins for Editor in 0.00 ms.
Unloading 1117 Unused Serialized files (Serialized files now loaded: 0)
System memory in use before: 58.3 MB.
System memory in use after: 58.3 MB.

Unloading 5 unused Assets to reduce memory usage. Loaded Objects now: 1573.
Total: 1.521900 ms (FindLiveObjects: 0.116900 ms CreateObjectMapping: 0.029900 ms MarkObjects: 1.329200 ms  DeleteObjects: 0.045200 ms)

========================================================================
Received Prepare
Registering precompiled user dll's ...
Registered in 0.000543 seconds.
Begin MonoManager ReloadAssembly
Native extension for WindowsStandalone target not found
Refreshing native plugins compatible for Editor in 0.20 ms, found 0 plugins.
Preloading 0 native plugins for Editor in 0.00 ms.
Invoked RoslynAnalysisRunner static constructor.
RoslynAnalysisRunner will not be running.
RoslynAnalysisRunner has terminated.
Mono: successfully reloaded assembly
- Completed reload, in  0.716 seconds
Platform modules already initialized, skipping
Refreshing native plugins compatible for Editor in 0.21 ms, found 0 plugins.
Preloading 0 native plugins for Editor in 0.00 ms.
Unloading 1117 Unused Serialized files (Serialized files now loaded: 0)
System memory in use before: 58.3 MB.
System memory in use after: 58.4 MB.

Unloading 5 unused Assets to reduce memory usage. Loaded Objects now: 1576.
Total: 4.895500 ms (FindLiveObjects: 0.392800 ms CreateObjectMapping: 0.127500 ms MarkObjects: 4.319400 ms  DeleteObjects: 0.053300 ms)

========================================================================
Received Import Request.
  Time since last request: 7316.404893 seconds.
  path: Assets/_Scripts/GameStarter.cs
  artifactKey: Guid(9cde7ede80efab1478f599a7ee0625e2) Importer(815301076,1909f56bfc062723c751e8b465ee728b)
Start importing Assets/_Scripts/GameStarter.cs using Guid(9cde7ede80efab1478f599a7ee0625e2) Importer(815301076,1909f56bfc062723c751e8b465ee728b)  -> (artifact id: 'da5a733d63278224c799a40375b55086') in 0.010151 seconds
  Import took 0.013016 seconds .

========================================================================
Received Prepare
Registering precompiled user dll's ...
Registered in 0.000501 seconds.
Begin MonoManager ReloadAssembly
Native extension for WindowsStandalone target not found
Refreshing native plugins compatible for Editor in 0.20 ms, found 0 plugins.
Preloading 0 native plugins for Editor in 0.00 ms.
Invoked RoslynAnalysisRunner static constructor.
RoslynAnalysisRunner will not be running.
RoslynAnalysisRunner has terminated.
Mono: successfully reloaded assembly
- Completed reload, in  0.722 seconds
Platform modules already initialized, skipping
Refreshing native plugins compatible for Editor in 0.20 ms, found 0 plugins.
Preloading 0 native plugins for Editor in 0.00 ms.
Unloading 1118 Unused Serialized files (Serialized files now loaded: 0)
System memory in use before: 58.3 MB.
System memory in use after: 58.4 MB.

Unloading 5 unused Assets to reduce memory usage. Loaded Objects now: 1580.
Total: 1.615100 ms (FindLiveObjects: 0.119900 ms CreateObjectMapping: 0.032500 ms MarkObjects: 1.412800 ms  DeleteObjects: 0.048700 ms)

========================================================================
Received Prepare
Registering precompiled user dll's ...
Registered in 0.000534 seconds.
Begin MonoManager ReloadAssembly
Native extension for WindowsStandalone target not found
Refreshing native plugins compatible for Editor in 0.22 ms, found 0 plugins.
Preloading 0 native plugins for Editor in 0.00 ms.
Invoked RoslynAnalysisRunner static constructor.
RoslynAnalysisRunner will not be running.
RoslynAnalysisRunner has terminated.
Mono: successfully reloaded assembly
- Completed reload, in  0.712 seconds
Platform modules already initialized, skipping
Refreshing native plugins compatible for Editor in 0.21 ms, found 0 plugins.
Preloading 0 native plugins for Editor in 0.00 ms.
Unloading 1118 Unused Serialized files (Serialized files now loaded: 0)
System memory in use before: 58.3 MB.
System memory in use after: 58.4 MB.

Unloading 5 unused Assets to reduce memory usage. Loaded Objects now: 1583.
Total: 1.598600 ms (FindLiveObjects: 0.147800 ms CreateObjectMapping: 0.036600 ms MarkObjects: 1.359700 ms  DeleteObjects: 0.053400 ms)

========================================================================
Received Import Request.
  Time since last request: 659.165402 seconds.
  path: Assets/_Scripts/Enemy.cs
  artifactKey: Guid(7281a7e562cb7fa40b65e3c5df053750) Importer(815301076,1909f56bfc062723c751e8b465ee728b)
Start importing Assets/_Scripts/Enemy.cs using Guid(7281a7e562cb7fa40b65e3c5df053750) Importer(815301076,1909f56bfc062723c751e8b465ee728b)  -> (artifact id: '847ade6a03c258b9298246ac296560fd') in 0.009803 seconds
  Import took 0.012075 seconds .

========================================================================
Received Prepare
Registering precompiled user dll's ...
Registered in 0.000540 seconds.
Begin MonoManager ReloadAssembly
Native extension for WindowsStandalone target not found
Refreshing native plugins compatible for Editor in 0.21 ms, found 0 plugins.
Preloading 0 native plugins for Editor in 0.00 ms.
Invoked RoslynAnalysisRunner static constructor.
RoslynAnalysisRunner will not be running.
RoslynAnalysisRunner has terminated.
Mono: successfully reloaded assembly
- Completed reload, in  0.707 seconds
Platform modules already initialized, skipping
Refreshing native plugins compatible for Editor in 0.20 ms, found 0 plugins.
Preloading 0 native plugins for Editor in 0.00 ms.
Unloading 1119 Unused Serialized files (Serialized files now loaded: 0)
System memory in use before: 58.4 MB.
System memory in use after: 58.4 MB.

Unloading 5 unused Assets to reduce memory usage. Loaded Objects now: 1587.
Total: 1.568600 ms (FindLiveObjects: 0.121300 ms CreateObjectMapping: 0.032200 ms MarkObjects: 1.370000 ms  DeleteObjects: 0.044400 ms)

========================================================================
Received Import Request.
  Time since last request: 136.596467 seconds.
  path: Assets/_Scripts/Asteroid.cs
  artifactKey: Guid(31cb8e3a62972134f87e0879e403a3a5) Importer(815301076,1909f56bfc062723c751e8b465ee728b)
Start importing Assets/_Scripts/Asteroid.cs using Guid(31cb8e3a62972134f87e0879e403a3a5) Importer(815301076,1909f56bfc062723c751e8b465ee728b)  -> (artifact id: '2d070a4ba94d28107ca7e85e917a32c3') in 0.009945 seconds
  Import took 0.012977 seconds .

========================================================================
Received Prepare
Registering precompiled user dll's ...
Registered in 0.000554 seconds.
Begin MonoManager ReloadAssembly
Native extension for WindowsStandalone target not found
Refreshing native plugins compatible for Editor in 0.21 ms, found 0 plugins.
Preloading 0 native plugins for Editor in 0.00 ms.
Invoked RoslynAnalysisRunner static constructor.
RoslynAnalysisRunner will not be running.
RoslynAnalysisRunner has terminated.
Mono: successfully reloaded assembly
- Completed reload, in  0.705 seconds
Platform modules already initialized, skipping
Refreshing native plugins compatible for Editor in 0.21 ms, found 0 plugins.
Preloading 0 native plugins for Editor in 0.00 ms.
Unloading 1120 Unused Serialized files (Serialized files now loaded: 0)
System memory in use before: 58.4 MB.
System memory in use after: 58.5 MB.

Unloading 5 unused Assets to reduce memory usage. Loaded Objects now: 1591.
Total: 1.629800 ms (FindLiveObjects: 0.161800 ms CreateObjectMapping: 0.039600 ms MarkObjects: 1.379100 ms  DeleteObjects: 0.048400 ms)

========================================================================
Received Import Request.
  Time since last request: 40.339419 seconds.
  path: Assets/_Scripts/Health.cs
  artifactKey: Guid(aff23a48dd0a0004b865d76e41b7a5c8) Importer(815301076,1909f56bfc062723c751e8b465ee728b)
Start importing Assets/_Scripts/Health.cs using Guid(aff23a48dd0a0004b865d76e41b7a5c8) Importer(815301076,1909f56bfc062723c751e8b465ee728b)  -> (artifact id: '9e8d30449406a1ef1a2d42b4dc33786f') in 0.010500 seconds
  Import took 0.012962 seconds .

========================================================================
Received Prepare
Registering precompiled user dll's ...
Registered in 0.000495 seconds.
Begin MonoManager ReloadAssembly
Native extension for WindowsStandalone target not found
Refreshing native plugins compatible for Editor in 0.21 ms, found 0 plugins.
Preloading 0 native plugins for Editor in 0.00 ms.
Invoked RoslynAnalysisRunner static constructor.
RoslynAnalysisRunner will not be running.
RoslynAnalysisRunner has terminated.
Mono: successfully reloaded assembly
- Completed reload, in  0.709 seconds
Platform modules already initialized, skipping
Refreshing native plugins compatible for Editor in 0.20 ms, found 0 plugins.
Preloading 0 native plugins for Editor in 0.00 ms.
Unloading 1121 Unused Serialized files (Serialized files now loaded: 0)
System memory in use before: 58.4 MB.
System memory in use after: 58.5 MB.

Unloading 5 unused Assets to reduce memory usage. Loaded Objects now: 1595.
Total: 1.551600 ms (FindLiveObjects: 0.122600 ms CreateObjectMapping: 0.033700 ms MarkObjects: 1.349600 ms  DeleteObjects: 0.045000 ms)

========================================================================
Received Import Request.
  Time since last request: 41.789751 seconds.
  path: Assets/_Scripts/Health.cs
  artifactKey: Guid(aff23a48dd0a0004b865d76e41b7a5c8) Importer(815301076,1909f56bfc062723c751e8b465ee728b)
Start importing Assets/_Scripts/Health.cs using Guid(aff23a48dd0a0004b865d76e41b7a5c8) Importer(815301076,1909f56bfc062723c751e8b465ee728b)  -> (artifact id: '0f32bf97ecf74d00ea35d6f89cdbbbf6') in 0.006774 seconds
  Import took 0.008927 seconds .

========================================================================
Received Import Request.
  Time since last request: 47.957676 seconds.
  path: Assets/Resources
  artifactKey: Guid(553dcf67f368ecd45b0a9b40a3b1efad) Importer(815301076,1909f56bfc062723c751e8b465ee728b)
Start importing Assets/Resources using Guid(553dcf67f368ecd45b0a9b40a3b1efad) Importer(815301076,1909f56bfc062723c751e8b465ee728b)  -> (artifact id: '0ae058f630326e9e2b3b34d042a359f6') in 0.007390 seconds
  Import took 0.009479 seconds .

========================================================================
Received Import Request.
  Time since last request: 18.992946 seconds.
  path: Assets/Resources/Enemy
  artifactKey: Guid(1e9cd4acc05b6374dba2d5f733f46ab5) Importer(815301076,1909f56bfc062723c751e8b465ee728b)
Start importing Assets/Resources/Enemy using Guid(1e9cd4acc05b6374dba2d5f733f46ab5) Importer(815301076,1909f56bfc062723c751e8b465ee728b)  -> (artifact id: 'fff5cd4c101a2e2a7541ff5ee2c34112') in 0.002315 seconds
  Import took 0.004209 seconds .

========================================================================
Received Import Request.
  Time since last request: 152.141300 seconds.
  path: Assets/Resources/Enemy/Asteroid 01.prefab
  artifactKey: Guid(7d5f7699d6d1d48e485ac71126e12061) Importer(815301076,1909f56bfc062723c751e8b465ee728b)
Start importing Assets/Resources/Enemy/Asteroid 01.prefab using Guid(7d5f7699d6d1d48e485ac71126e12061) Importer(815301076,1909f56bfc062723c751e8b465ee728b)  -> (artifact id: '21ec774050a79c2e5ca4047b3feea7dc') in 0.095364 seconds
  Import took 0.097681 seconds .

========================================================================
Received Import Request.
  Time since last request: 29.151964 seconds.
  path: Assets/_Scenes
  artifactKey: Guid(b820142fa27710a41a80a379e523b51e) Importer(815301076,1909f56bfc062723c751e8b465ee728b)
Start importing Assets/_Scenes using Guid(b820142fa27710a41a80a379e523b51e) Importer(815301076,1909f56bfc062723c751e8b465ee728b)  -> (artifact id: '3a9b89c89d6e0cc0baec44630e2e2779') in 0.008828 seconds
  Import took 0.010868 seconds .

========================================================================
Received Import Request.
  Time since last request: 0.000641 seconds.
  path: Assets/_Scenes
  artifactKey: Guid(b820142fa27710a41a80a379e523b51e) Importer(815301076,1909f56bfc062723c751e8b465ee728b)
Start importing Assets/_Scenes using Guid(b820142fa27710a41a80a379e523b51e) Importer(815301076,1909f56bfc062723c751e8b465ee728b)  -> (artifact id: '3a9b89c89d6e0cc0baec44630e2e2779') in 0.002471 seconds
  Import took 0.004261 seconds .

========================================================================
Received Import Request.
  Time since last request: 1.743726 seconds.
  path: Assets/_Scenes/Main.unity
  artifactKey: Guid(8d51235aec08bbe49884ffd4682c7c3d) Importer(815301076,1909f56bfc062723c751e8b465ee728b)
Start importing Assets/_Scenes/Main.unity using Guid(8d51235aec08bbe49884ffd4682c7c3d) Importer(815301076,1909f56bfc062723c751e8b465ee728b)  -> (artifact id: '05382adc87f2548995e38b463d56c04b') in 0.007488 seconds
  Import took 0.009821 seconds .

========================================================================
Received Prepare
Registering precompiled user dll's ...
Registered in 0.000538 seconds.
Begin MonoManager ReloadAssembly
Native extension for WindowsStandalone target not found
Refreshing native plugins compatible for Editor in 0.21 ms, found 0 plugins.
Preloading 0 native plugins for Editor in 0.00 ms.
Invoked RoslynAnalysisRunner static constructor.
RoslynAnalysisRunner will not be running.
RoslynAnalysisRunner has terminated.
Mono: successfully reloaded assembly
- Completed reload, in  0.709 seconds
Platform modules already initialized, skipping
Refreshing native plugins compatible for Editor in 0.21 ms, found 0 plugins.
Preloading 0 native plugins for Editor in 0.00 ms.
Unloading 1121 Unused Serialized files (Serialized files now loaded: 0)
System memory in use before: 62.6 MB.
System memory in use after: 62.6 MB.

Unloading 5 unused Assets to reduce memory usage. Loaded Objects now: 1607.
Total: 1.548300 ms (FindLiveObjects: 0.132800 ms CreateObjectMapping: 0.037500 ms MarkObjects: 1.330900 ms  DeleteObjects: 0.046000 ms)

========================================================================
Received Prepare
Registering precompiled user dll's ...
Registered in 0.000548 seconds.
Begin MonoManager ReloadAssembly
Native extension for WindowsStandalone target not found
Refreshing native plugins compatible for Editor in 0.21 ms, found 0 plugins.
Preloading 0 native plugins for Editor in 0.00 ms.
Invoked RoslynAnalysisRunner static constructor.
RoslynAnalysisRunner will not be running.
RoslynAnalysisRunner has terminated.
Mono: successfully reloaded assembly
- Completed reload, in  0.774 seconds
Platform modules already initialized, skipping
Refreshing native plugins compatible for Editor in 0.21 ms, found 0 plugins.
Preloading 0 native plugins for Editor in 0.00 ms.
Unloading 1122 Unused Serialized files (Serialized files now loaded: 0)
System memory in use before: 62.6 MB.
System memory in use after: 62.7 MB.

Unloading 5 unused Assets to reduce memory usage. Loaded Objects now: 1611.
Total: 1.574100 ms (FindLiveObjects: 0.139400 ms CreateObjectMapping: 0.035300 ms MarkObjects: 1.345600 ms  DeleteObjects: 0.052700 ms)

========================================================================
Received Import Request.
  Time since last request: 505.283350 seconds.
  path: Assets/_Scripts/IEnemyFactory.cs
  artifactKey: Guid(c61477d121fc06342901c6d855c72367) Importer(815301076,1909f56bfc062723c751e8b465ee728b)
Start importing Assets/_Scripts/IEnemyFactory.cs using Guid(c61477d121fc06342901c6d855c72367) Importer(815301076,1909f56bfc062723c751e8b465ee728b)  -> (artifact id: '251634d415fc2c1da3ea800d3382d2ad') in 0.007744 seconds
  Import took 0.009505 seconds .

========================================================================
Received Prepare
Registering precompiled user dll's ...
Registered in 0.000483 seconds.
Begin MonoManager ReloadAssembly
Native extension for WindowsStandalone target not found
Refreshing native plugins compatible for Editor in 0.21 ms, found 0 plugins.
Preloading 0 native plugins for Editor in 0.00 ms.
Invoked RoslynAnalysisRunner static constructor.
RoslynAnalysisRunner will not be running.
RoslynAnalysisRunner has terminated.
Mono: successfully reloaded assembly
- Completed reload, in  0.697 seconds
Platform modules already initialized, skipping
Refreshing native plugins compatible for Editor in 0.21 ms, found 0 plugins.
Preloading 0 native plugins for Editor in 0.00 ms.
Unloading 1122 Unused Serialized files (Serialized files now loaded: 0)
System memory in use before: 62.5 MB.
System memory in use after: 62.6 MB.

Unloading 5 unused Assets to reduce memory usage. Loaded Objects now: 1614.
Total: 1.613700 ms (FindLiveObjects: 0.179700 ms CreateObjectMapping: 0.036300 ms MarkObjects: 1.354200 ms  DeleteObjects: 0.042400 ms)

========================================================================
Received Import Request.
  Time since last request: 82.310324 seconds.
  path: Assets/_Scripts/AsteroidFactory.cs
  artifactKey: Guid(b487c715ad340ae459662e57fc51a8b2) Importer(815301076,1909f56bfc062723c751e8b465ee728b)
Start importing Assets/_Scripts/AsteroidFactory.cs using Guid(b487c715ad340ae459662e57fc51a8b2) Importer(815301076,1909f56bfc062723c751e8b465ee728b)  -> (artifact id: 'cd700d7f5e5dcd39fd921b95a6648853') in 0.010265 seconds
  Import took 0.012744 seconds .

========================================================================
Received Prepare
Registering precompiled user dll's ...
Registered in 0.000552 seconds.
Begin MonoManager ReloadAssembly
Native extension for WindowsStandalone target not found
Refreshing native plugins compatible for Editor in 0.22 ms, found 0 plugins.
Preloading 0 native plugins for Editor in 0.00 ms.
Invoked RoslynAnalysisRunner static constructor.
RoslynAnalysisRunner will not be running.
RoslynAnalysisRunner has terminated.
Mono: successfully reloaded assembly
- Completed reload, in  0.699 seconds
Platform modules already initialized, skipping
Refreshing native plugins compatible for Editor in 0.20 ms, found 0 plugins.
Preloading 0 native plugins for Editor in 0.00 ms.
Unloading 1123 Unused Serialized files (Serialized files now loaded: 0)
System memory in use before: 62.6 MB.
System memory in use after: 62.6 MB.

Unloading 5 unused Assets to reduce memory usage. Loaded Objects now: 1618.
Total: 1.610900 ms (FindLiveObjects: 0.146500 ms CreateObjectMapping: 0.040900 ms MarkObjects: 1.380100 ms  DeleteObjects: 0.042800 ms)

========================================================================
Received Import Request.
  Time since last request: 899.939737 seconds.
  path: Assets/_Scripts/Asteroids
  artifactKey: Guid(6352fa48835fdab408dc8777ca3e3854) Importer(815301076,1909f56bfc062723c751e8b465ee728b)
Start importing Assets/_Scripts/Asteroids using Guid(6352fa48835fdab408dc8777ca3e3854) Importer(815301076,1909f56bfc062723c751e8b465ee728b)  -> (artifact id: '6867d4c90419e22d56ae7a21f2d842ae') in 0.010124 seconds
  Import took 0.012350 seconds .

========================================================================
Received Import Request.
  Time since last request: 7.531182 seconds.
  path: Assets/_Scripts/IMove.cs
  artifactKey: Guid(b0f62fc65adb6ce46b2571c8c9f06df8) Importer(815301076,1909f56bfc062723c751e8b465ee728b)
Start importing Assets/_Scripts/IMove.cs using Guid(b0f62fc65adb6ce46b2571c8c9f06df8) Importer(815301076,1909f56bfc062723c751e8b465ee728b)  -> (artifact id: '695bfac061ca2abb860a471dbfb67c78') in 0.008201 seconds
  Import took 0.010373 seconds .

========================================================================
Received Import Request.
  Time since last request: 54.795868 seconds.
  path: Assets/_Scripts/MoveTransform.cs
  artifactKey: Guid(bc521127bfd085a499366f88ea4b7b0b) Importer(815301076,1909f56bfc062723c751e8b465ee728b)
Start importing Assets/_Scripts/MoveTransform.cs using Guid(bc521127bfd085a499366f88ea4b7b0b) Importer(815301076,1909f56bfc062723c751e8b465ee728b)  -> (artifact id: '1004d581c175cf740e16c8ab2bd532ff') in 0.007180 seconds
  Import took 0.009127 seconds .

========================================================================
Received Import Request.
  Time since last request: 0.446764 seconds.
  path: Assets/_Scripts/Player.cs
  artifactKey: Guid(a00cac9ed16e2d14f91048be84a74ee7) Importer(815301076,1909f56bfc062723c751e8b465ee728b)
Start importing Assets/_Scripts/Player.cs using Guid(a00cac9ed16e2d14f91048be84a74ee7) Importer(815301076,1909f56bfc062723c751e8b465ee728b)  -> (artifact id: 'dd5417e7b17e51687011a3dddd80db72') in 0.007644 seconds
  Import took 0.009763 seconds .

========================================================================
Received Import Request.
  Time since last request: 45.559557 seconds.
  path: Assets/_Scripts/Asteroids.Abstract_Factory
  artifactKey: Guid(275020bb9c12e20418309d5df6fe0aec) Importer(815301076,1909f56bfc062723c751e8b465ee728b)
Start importing Assets/_Scripts/Asteroids.Abstract_Factory using Guid(275020bb9c12e20418309d5df6fe0aec) Importer(815301076,1909f56bfc062723c751e8b465ee728b)  -> (artifact id: '664617f8d7c9892387f0927cb5ce2fb6') in 0.006765 seconds
  Import took 0.008943 seconds .

========================================================================
Received Import Request.
  Time since last request: 23.185380 seconds.
  path: Assets/_Scripts/Asteroids.Abstract_Factory/IInput.cs
  artifactKey: Guid(13eb89e5125c09c4c9089415eb0dd592) Importer(815301076,1909f56bfc062723c751e8b465ee728b)
Start importing Assets/_Scripts/Asteroids.Abstract_Factory/IInput.cs using Guid(13eb89e5125c09c4c9089415eb0dd592) Importer(815301076,1909f56bfc062723c751e8b465ee728b)  -> (artifact id: '2eda8c63c5d3b325e5555a6ac1920450') in 0.006821 seconds
  Import took 0.009164 seconds .

========================================================================
Received Import Request.
  Time since last request: 99.798113 seconds.
  path: Assets/_Scripts/Asteroids.Abstract_Factory/ConsoleInput.cs
  artifactKey: Guid(78a2d5bd8447c9549bc3ea018ad809d5) Importer(815301076,1909f56bfc062723c751e8b465ee728b)
Start importing Assets/_Scripts/Asteroids.Abstract_Factory/ConsoleInput.cs using Guid(78a2d5bd8447c9549bc3ea018ad809d5) Importer(815301076,1909f56bfc062723c751e8b465ee728b)  -> (artifact id: '809f1b21599f6fdfab61c8e6f513fea2') in 0.007857 seconds
  Import took 0.009683 seconds .

========================================================================
Received Import Request.
  Time since last request: 46.505297 seconds.
  path: Assets/_Scripts/Asteroids.Abstract_Factory/ConsoleInput.cs
  artifactKey: Guid(78a2d5bd8447c9549bc3ea018ad809d5) Importer(815301076,1909f56bfc062723c751e8b465ee728b)
Start importing Assets/_Scripts/Asteroids.Abstract_Factory/ConsoleInput.cs using Guid(78a2d5bd8447c9549bc3ea018ad809d5) Importer(815301076,1909f56bfc062723c751e8b465ee728b)  -> (artifact id: '168999d561697e829cf1b6583bef97b2') in 0.004106 seconds
  Import took 0.006372 seconds .

========================================================================
Received Import Request.
  Time since last request: 11.718942 seconds.
  path: Assets/_Scripts/Asteroids.Abstract_Factory/PCInput.cs
  artifactKey: Guid(66220e91adf7d74479dbf644dfa473e1) Importer(815301076,1909f56bfc062723c751e8b465ee728b)
Start importing Assets/_Scripts/Asteroids.Abstract_Factory/PCInput.cs using Guid(66220e91adf7d74479dbf644dfa473e1) Importer(815301076,1909f56bfc062723c751e8b465ee728b)  -> (artifact id: 'b22062baf94560b949631f98231262c2') in 0.006907 seconds
  Import took 0.009433 seconds .

========================================================================
Received Import Request.
  Time since last request: 26.267400 seconds.
  path: Assets/_Scripts/Asteroids.Abstract_Factory/PCInput.cs
  artifactKey: Guid(66220e91adf7d74479dbf644dfa473e1) Importer(815301076,1909f56bfc062723c751e8b465ee728b)
Start importing Assets/_Scripts/Asteroids.Abstract_Factory/PCInput.cs using Guid(66220e91adf7d74479dbf644dfa473e1) Importer(815301076,1909f56bfc062723c751e8b465ee728b)  -> (artifact id: '13ad08135fbbc50da8086f40a52baa7e') in 0.002988 seconds
  Import took 0.004984 seconds .

========================================================================
Received Import Request.
  Time since last request: 14.550800 seconds.
  path: Assets/_Scripts/Asteroids.Abstract_Factory/InputFactory.cs
  artifactKey: Guid(2e01940c635fc4548b3c9e6c1a48d5fd) Importer(815301076,1909f56bfc062723c751e8b465ee728b)
Start importing Assets/_Scripts/Asteroids.Abstract_Factory/InputFactory.cs using Guid(2e01940c635fc4548b3c9e6c1a48d5fd) Importer(815301076,1909f56bfc062723c751e8b465ee728b)  -> (artifact id: '7509c27c980eef52178608f0a9275c8a') in 0.006948 seconds
  Import took 0.008866 seconds .

========================================================================
Received Import Request.
  Time since last request: 66.179537 seconds.
  path: Assets/_Scripts/Asteroids.Abstract_Factory/IWindow.cs
  artifactKey: Guid(823339aae2ca6a0449b2f9721273cff7) Importer(815301076,1909f56bfc062723c751e8b465ee728b)
Start importing Assets/_Scripts/Asteroids.Abstract_Factory/IWindow.cs using Guid(823339aae2ca6a0449b2f9721273cff7) Importer(815301076,1909f56bfc062723c751e8b465ee728b)  -> (artifact id: 'fab3922c3b613b2dbd156f08efde4e3e') in 0.006788 seconds
  Import took 0.008710 seconds .

========================================================================
Received Import Request.
  Time since last request: 47.555142 seconds.
  path: Assets/_Scripts/Asteroids.Abstract_Factory/ConsoleWindow.cs
  artifactKey: Guid(fcc6ff55443c3f64e96269be995e6aa9) Importer(815301076,1909f56bfc062723c751e8b465ee728b)
Start importing Assets/_Scripts/Asteroids.Abstract_Factory/ConsoleWindow.cs using Guid(fcc6ff55443c3f64e96269be995e6aa9) Importer(815301076,1909f56bfc062723c751e8b465ee728b)  -> (artifact id: '3d9455ac32206fe012e9013dc8bd2b12') in 0.008118 seconds
  Import took 0.010256 seconds .

========================================================================
Received Import Request.
  Time since last request: 52.377126 seconds.
  path: Assets/_Scripts/Asteroids.Abstract_Factory/PCWindow.cs
  artifactKey: Guid(0f17d10951fdf724c8445a1c67f395a1) Importer(815301076,1909f56bfc062723c751e8b465ee728b)
Start importing Assets/_Scripts/Asteroids.Abstract_Factory/PCWindow.cs using Guid(0f17d10951fdf724c8445a1c67f395a1) Importer(815301076,1909f56bfc062723c751e8b465ee728b)  -> (artifact id: '565cd44357db16e24017d7831f2fc99e') in 0.007326 seconds
  Import took 0.009243 seconds .

========================================================================
Received Import Request.
  Time since last request: 47.141517 seconds.
  path: Assets/_Scripts/Asteroids.Abstract_Factory/WindowFactory.cs
  artifactKey: Guid(bb86909ce5929234e9b6ed750c643af5) Importer(815301076,1909f56bfc062723c751e8b465ee728b)
Start importing Assets/_Scripts/Asteroids.Abstract_Factory/WindowFactory.cs using Guid(bb86909ce5929234e9b6ed750c643af5) Importer(815301076,1909f56bfc062723c751e8b465ee728b)  -> (artifact id: '88d4d377c20fc9e99dd9bbfe47e17659') in 0.008021 seconds
  Import took 0.010074 seconds .

========================================================================
Received Import Request.
  Time since last request: 69.996091 seconds.
  path: Assets/_Scripts/Asteroids.Abstract_Factory/WindowFactory.cs
  artifactKey: Guid(bb86909ce5929234e9b6ed750c643af5) Importer(815301076,1909f56bfc062723c751e8b465ee728b)
Start importing Assets/_Scripts/Asteroids.Abstract_Factory/WindowFactory.cs using Guid(bb86909ce5929234e9b6ed750c643af5) Importer(815301076,1909f56bfc062723c751e8b465ee728b)  -> (artifact id: '8714538f472a5237bdacd9af323fd7c4') in 0.003696 seconds
  Import took 0.006197 seconds .

========================================================================
Received Import Request.
  Time since last request: 10.598209 seconds.
  path: Assets/_Scripts/Asteroids.Abstract_Factory/IPlatform.cs
  artifactKey: Guid(d89dae42d03b3fc4992ab57c79ce2c25) Importer(815301076,1909f56bfc062723c751e8b465ee728b)
Start importing Assets/_Scripts/Asteroids.Abstract_Factory/IPlatform.cs using Guid(d89dae42d03b3fc4992ab57c79ce2c25) Importer(815301076,1909f56bfc062723c751e8b465ee728b)  -> (artifact id: 'd8563d503dd28332fae4560123f93cbf') in 0.006761 seconds
  Import took 0.008842 seconds .

========================================================================
Received Import Request.
  Time since last request: 53.080448 seconds.
  path: Assets/_Scripts/Asteroids.Abstract_Factory/IPlatform.cs
  artifactKey: Guid(d89dae42d03b3fc4992ab57c79ce2c25) Importer(815301076,1909f56bfc062723c751e8b465ee728b)
Start importing Assets/_Scripts/Asteroids.Abstract_Factory/IPlatform.cs using Guid(d89dae42d03b3fc4992ab57c79ce2c25) Importer(815301076,1909f56bfc062723c751e8b465ee728b)  -> (artifact id: '784e371473557ce72adc7dd0ded2672c') in 0.003970 seconds
  Import took 0.006482 seconds .

========================================================================
Received Import Request.
  Time since last request: 8.939770 seconds.
  path: Assets/_Scripts/Asteroids.Abstract_Factory/Platform.cs
  artifactKey: Guid(5d5c7216ebfb7644daf9cef8efd54f41) Importer(815301076,1909f56bfc062723c751e8b465ee728b)
Start importing Assets/_Scripts/Asteroids.Abstract_Factory/Platform.cs using Guid(5d5c7216ebfb7644daf9cef8efd54f41) Importer(815301076,1909f56bfc062723c751e8b465ee728b)  -> (artifact id: '3a391eb33eba15e6e431e4d3ad0f0b6a') in 0.009139 seconds
  Import took 0.011003 seconds .

========================================================================
Received Import Request.
  Time since last request: 35.198842 seconds.
  path: Assets/_Scripts/Asteroids.Abstract_Factory/PlatformFactory.cs
  artifactKey: Guid(a07cb03a9aa170a4484aece1990db0c9) Importer(815301076,1909f56bfc062723c751e8b465ee728b)
Start importing Assets/_Scripts/Asteroids.Abstract_Factory/PlatformFactory.cs using Guid(a07cb03a9aa170a4484aece1990db0c9) Importer(815301076,1909f56bfc062723c751e8b465ee728b)  -> (artifact id: 'c6c7f9a2bbd5fbc805ff25772c5d4881') in 0.007362 seconds
  Import took 0.010416 seconds .

========================================================================
Received Import Request.
  Time since last request: 44.520857 seconds.
  path: Assets/_Scripts/Asteroids.Abstract_Factory/PlatformFactory.cs
  artifactKey: Guid(a07cb03a9aa170a4484aece1990db0c9) Importer(815301076,1909f56bfc062723c751e8b465ee728b)
Start importing Assets/_Scripts/Asteroids.Abstract_Factory/PlatformFactory.cs using Guid(a07cb03a9aa170a4484aece1990db0c9) Importer(815301076,1909f56bfc062723c751e8b465ee728b)  -> (artifact id: '53f8755a5b029b7d685898a5a3d22699') in 0.002755 seconds
  Import took 0.004748 seconds .

========================================================================
Received Import Request.
  Time since last request: 13.918212 seconds.
  path: Assets/_Scripts/Asteroids.Abstract_Factory/Platform
  artifactKey: Guid(5c65b704d4b04464baaa70b353153f30) Importer(815301076,1909f56bfc062723c751e8b465ee728b)
Start importing Assets/_Scripts/Asteroids.Abstract_Factory/Platform using Guid(5c65b704d4b04464baaa70b353153f30) Importer(815301076,1909f56bfc062723c751e8b465ee728b)  -> (artifact id: 'b0463daac55093b449b259b3d375ef8c') in 0.002353 seconds
  Import took 0.004234 seconds .

========================================================================
Received Import Request.
  Time since last request: 14.020233 seconds.
  path: Assets/_Scripts/Asteroids.Abstract_Factory/Input
  artifactKey: Guid(87d95c41724d5094a9b2d80ffb41716c) Importer(815301076,1909f56bfc062723c751e8b465ee728b)
Start importing Assets/_Scripts/Asteroids.Abstract_Factory/Input using Guid(87d95c41724d5094a9b2d80ffb41716c) Importer(815301076,1909f56bfc062723c751e8b465ee728b)  -> (artifact id: '1548530c6b0ef38d08bcf03ec1ef0ac6') in 0.006107 seconds
  Import took 0.008041 seconds .

========================================================================
Received Import Request.
  Time since last request: 8.085121 seconds.
  path: Assets/_Scripts/Asteroids.Abstract_Factory/Window.cs
  artifactKey: Guid(d8b676b782e0c2b4c98dc7006d4729b2) Importer(815301076,1909f56bfc062723c751e8b465ee728b)
Start importing Assets/_Scripts/Asteroids.Abstract_Factory/Window.cs using Guid(d8b676b782e0c2b4c98dc7006d4729b2) Importer(815301076,1909f56bfc062723c751e8b465ee728b)  -> (artifact id: 'e1e0c172410e29ef9fcf3ffb8939db67') in 0.007168 seconds
  Import took 0.009303 seconds .

========================================================================
Received Import Request.
  Time since last request: 6.484533 seconds.
  path: Assets/_Scripts/Asteroids.Abstract_Factory/IInput.cs
  artifactKey: Guid(13eb89e5125c09c4c9089415eb0dd592) Importer(815301076,1909f56bfc062723c751e8b465ee728b)
Start importing Assets/_Scripts/Asteroids.Abstract_Factory/IInput.cs using Guid(13eb89e5125c09c4c9089415eb0dd592) Importer(815301076,1909f56bfc062723c751e8b465ee728b)  -> (artifact id: '833aaf80d75f4b3a3092adefc7f9f55e') in 0.002487 seconds
  Import took 0.004647 seconds .

========================================================================
Received Import Request.
  Time since last request: 11.036667 seconds.
  path: Assets/_Scripts/Asteroids.Abstract_Factory/IWindow.cs
  artifactKey: Guid(823339aae2ca6a0449b2f9721273cff7) Importer(815301076,1909f56bfc062723c751e8b465ee728b)
Start importing Assets/_Scripts/Asteroids.Abstract_Factory/IWindow.cs using Guid(823339aae2ca6a0449b2f9721273cff7) Importer(815301076,1909f56bfc062723c751e8b465ee728b)  -> (artifact id: 'd03454c3e46662e1676d1887ec0dcf78') in 0.002512 seconds
  Import took 0.004629 seconds .

========================================================================
Received Import Request.
  Time since last request: 17.757755 seconds.
  path: Assets/_Scripts/Asteroids.Abstract_Factory/Window
  artifactKey: Guid(f94c006ed8f60fd4ca09cb0842d5e659) Importer(815301076,1909f56bfc062723c751e8b465ee728b)
Start importing Assets/_Scripts/Asteroids.Abstract_Factory/Window using Guid(f94c006ed8f60fd4ca09cb0842d5e659) Importer(815301076,1909f56bfc062723c751e8b465ee728b)  -> (artifact id: '29976364a8512a85a8d1b60f495c6864') in 0.003244 seconds
  Import took 0.005329 seconds .

========================================================================
Received Import Request.
  Time since last request: 57.255678 seconds.
  path: Assets/_Scripts/New Folder
  artifactKey: Guid(9c7b844e662cbe545a32129b86932266) Importer(815301076,1909f56bfc062723c751e8b465ee728b)
Start importing Assets/_Scripts/New Folder using Guid(9c7b844e662cbe545a32129b86932266) Importer(815301076,1909f56bfc062723c751e8b465ee728b)  -> (artifact id: '8322046d76c23d6aadf867b0ce36a0c4') in 0.007160 seconds
  Import took 0.009368 seconds .

========================================================================
Received Import Request.
  Time since last request: 3.712680 seconds.
  path: Assets/_Scripts/Asteroids.Object_Pool
  artifactKey: Guid(9c7b844e662cbe545a32129b86932266) Importer(815301076,1909f56bfc062723c751e8b465ee728b)
Start importing Assets/_Scripts/Asteroids.Object_Pool using Guid(9c7b844e662cbe545a32129b86932266) Importer(815301076,1909f56bfc062723c751e8b465ee728b)  -> (artifact id: '014084a30bac44f7547a7b6eff67a440') in 0.006311 seconds
  Import took 0.008189 seconds .

========================================================================
Received Import Request.
  Time since last request: 17.699240 seconds.
  path: Assets/_Scripts/Asteroids.Object_Pool/NameManager.cs
  artifactKey: Guid(047ab433f8a32bc4ca6724fa3c4229fb) Importer(815301076,1909f56bfc062723c751e8b465ee728b)
Start importing Assets/_Scripts/Asteroids.Object_Pool/NameManager.cs using Guid(047ab433f8a32bc4ca6724fa3c4229fb) Importer(815301076,1909f56bfc062723c751e8b465ee728b)  -> (artifact id: '5e50dc93d4a94c0c4625e9241e50373d') in 0.006835 seconds
  Import took 0.008918 seconds .

========================================================================
Received Import Request.
  Time since last request: 80.985163 seconds.
  path: Assets/_Scripts/Asteroids.Object_Pool/EnemyPool
  artifactKey: Guid(5e3f7d454272207448ef36daaae3af74) Importer(815301076,1909f56bfc062723c751e8b465ee728b)
Start importing Assets/_Scripts/Asteroids.Object_Pool/EnemyPool using Guid(5e3f7d454272207448ef36daaae3af74) Importer(815301076,1909f56bfc062723c751e8b465ee728b)  -> (artifact id: '0421fbbcc215cf10e9d09fa30a74af40') in 0.007297 seconds
  Import took 0.009197 seconds .

========================================================================
Received Import Request.
  Time since last request: 16.482729 seconds.
  path: Assets/_Scripts/Asteroids.Object_Pool/EnemyPool.cs
  artifactKey: Guid(cbda7fba28ba73a47adb4a8182338c34) Importer(815301076,1909f56bfc062723c751e8b465ee728b)
Start importing Assets/_Scripts/Asteroids.Object_Pool/EnemyPool.cs using Guid(cbda7fba28ba73a47adb4a8182338c34) Importer(815301076,1909f56bfc062723c751e8b465ee728b)  -> (artifact id: '79eeecbb885ea39a5f384c7a4fab16aa') in 0.003477 seconds
  Import took 0.005433 seconds .

========================================================================
Received Import Request.
  Time since last request: 243.570319 seconds.
  path: Assets/_Scripts/Asteroids.Object_Pool/EnemyPool.cs
  artifactKey: Guid(cbda7fba28ba73a47adb4a8182338c34) Importer(815301076,1909f56bfc062723c751e8b465ee728b)
Start importing Assets/_Scripts/Asteroids.Object_Pool/EnemyPool.cs using Guid(cbda7fba28ba73a47adb4a8182338c34) Importer(815301076,1909f56bfc062723c751e8b465ee728b)  -> (artifact id: 'fe57087c44522997cd41456d689f326e') in 0.002016 seconds
  Import took 0.004705 seconds .

AssetImportWorkerClient::OnTransportError - code=2 error=End of file
